<?xml version="1.0" encoding="UTF-8"?>
<testng-results skipped="0" failed="0" ignored="0" total="1" passed="1">
  <reporter-output>
  </reporter-output>
  <suite name="Default suite" duration-ms="40258" started-at="2018-05-10T14:43:37Z" finished-at="2018-05-10T14:44:17Z">
    <groups>
    </groups>
    <test name="Default test" duration-ms="40258" started-at="2018-05-10T14:43:37Z" finished-at="2018-05-10T14:44:17Z">
      <class name="com.gbh.test.MainMenuTest">
        <test-method status="PASS" signature="beforeTest()[pri:0, instance:com.gbh.test.MainMenuTest@cb5822]" name="beforeTest" is-config="true" duration-ms="7534" started-at="2018-05-10T14:43:37Z" finished-at="2018-05-10T14:43:45Z">
          <reporter-output>
          </reporter-output>
        </test-method> <!-- beforeTest -->
        <test-method status="PASS" signature="beforeMethod()[pri:0, instance:com.gbh.test.MainMenuTest@cb5822]" name="beforeMethod" is-config="true" duration-ms="1" started-at="2018-05-10T14:43:45Z" finished-at="2018-05-10T14:43:45Z">
          <reporter-output>
          </reporter-output>
        </test-method> <!-- beforeMethod -->
        <test-method status="PASS" signature="mainTest()[pri:0, instance:com.gbh.test.MainMenuTest@cb5822]" name="mainTest" duration-ms="31365" started-at="2018-05-10T14:43:45Z" finished-at="2018-05-10T14:44:16Z">
          <reporter-output>
          </reporter-output>
        </test-method> <!-- mainTest -->
        <test-method status="PASS" signature="afterTest()[pri:0, instance:com.gbh.test.MainMenuTest@cb5822]" name="afterTest" is-config="true" duration-ms="1333" started-at="2018-05-10T14:44:16Z" finished-at="2018-05-10T14:44:17Z">
          <reporter-output>
          </reporter-output>
        </test-method> <!-- afterTest -->
      </class> <!-- com.gbh.test.MainMenuTest -->
    </test> <!-- Default test -->
  </suite> <!-- Default suite -->
</testng-results>
